{"level":"info","message":"Server is currently running on http://localhost:3000"}
{"level":"info","message":"GET /"}
{"level":"info","message":"GET /favicon.ico"}
{"level":"error","message":"404 not found /favicon.ico GET"}
{"level":"info","message":"GET /login"}
{"level":"info","message":"GET /favicon.ico"}
{"level":"error","message":"404 not found /favicon.ico GET"}
{"level":"info","message":"GET /login"}
{"level":"info","message":"GET /favicon.ico"}
{"level":"error","message":"404 not found /favicon.ico GET"}
{"level":"info","message":"GET /login"}
{"level":"info","message":"GET /favicon.ico"}
{"level":"error","message":"404 not found /favicon.ico GET"}
{"level":"info","message":"GET /register"}
{"level":"info","message":"GET /favicon.ico"}
{"level":"error","message":"404 not found /favicon.ico GET"}
{"level":"info","message":"GET /register"}
{"level":"info","message":"GET /favicon.ico"}
{"level":"error","message":"404 not found /favicon.ico GET"}
{"level":"info","message":"GET /register"}
{"level":"info","message":"GET /favicon.ico"}
{"level":"error","message":"404 not found /favicon.ico GET"}
